# JRE version: Java(TM) SE Runtime Environment (8.0_101-b13) (build 1.8.0_101-b13)
# Java VM: Java HotSpot(TM) 64-Bit Server VM (25.101-b13 mixed mode windows-amd64 compressed oops)
Heap:
 PSYoungGen      total 126976K, used 91648K [0x00000000f5580000, 0x00000000ff980000, 0x0000000100000000)
  eden space 91648K, 100% used [0x00000000f5580000,0x00000000faf00000,0x00000000faf00000)
  from space 35328K, 0% used [0x00000000fd300000,0x00000000fd300000,0x00000000ff580000)
  to   space 36864K, 0% used [0x00000000faf00000,0x00000000faf00000,0x00000000fd300000)
 ParOldGen       total 349696K, used 349449K [0x00000000e0000000, 0x00000000f5580000, 0x00000000f5580000)
  object space 349696K, 99% used [0x00000000e0000000,0x00000000f5542780,0x00000000f5580000)
 Metaspace       used 177126K, capacity 191650K, committed 194648K, reserved 1216512K
  class space    used 22506K, capacity 26185K, committed 27736K, reserved 1048576K
GC Heap History (10 events):
Event: 12555.494 GC heap after
Heap after GC invocations=1433 (full 613):
 PSYoungGen      total 126976K, used 91646K [0x00000000f5580000, 0x00000000ff980000, 0x0000000100000000)
  eden space 91648K, 99% used [0x00000000f5580000,0x00000000faeff840,0x00000000faf00000)
  from space 35328K, 0% used [0x00000000fd300000,0x00000000fd300000,0x00000000ff580000)
  to   space 36864K, 0% used [0x00000000faf00000,0x00000000faf00000,0x00000000fd300000)
 ParOldGen       total 349696K, used 349449K [0x00000000e0000000, 0x00000000f5580000, 0x00000000f5580000)
  object space 349696K, 99% used [0x00000000e0000000,0x00000000f55427e0,0x00000000f5580000)
 Metaspace       used 177126K, capacity 191650K, committed 194648K, reserved 1216512K
  class space    used 22506K, capacity 26185K, committed 27736K, reserved 1048576K
}
Event: 12555.495 GC heap before
{Heap before GC invocations=1434 (full 614):
 PSYoungGen      total 126976K, used 91648K [0x00000000f5580000, 0x00000000ff980000, 0x0000000100000000)
  eden space 91648K, 100% used [0x00000000f5580000,0x00000000faf00000,0x00000000faf00000)
  from space 35328K, 0% used [0x00000000fd300000,0x00000000fd300000,0x00000000ff580000)
  to   space 36864K, 0% used [0x00000000faf00000,0x00000000faf00000,0x00000000fd300000)
 ParOldGen       total 349696K, used 349449K [0x00000000e0000000, 0x00000000f5580000, 0x00000000f5580000)
  object space 349696K, 99% used [0x00000000e0000000,0x00000000f55427e0,0x00000000f5580000)
 Metaspace       used 177126K, capacity 191650K, committed 194648K, reserved 1216512K
  class space    used 22506K, capacity 26185K, committed 27736K, reserved 1048576K
Event: 12556.461 GC heap after
Heap after GC invocations=1434 (full 614):
 PSYoungGen      total 126976K, used 91646K [0x00000000f5580000, 0x00000000ff980000, 0x0000000100000000)
  eden space 91648K, 99% used [0x00000000f5580000,0x00000000faeff858,0x00000000faf00000)
  from space 35328K, 0% used [0x00000000fd300000,0x00000000fd300000,0x00000000ff580000)
  to   space 36864K, 0% used [0x00000000faf00000,0x00000000faf00000,0x00000000fd300000)
 ParOldGen       total 349696K, used 349449K [0x00000000e0000000, 0x00000000f5580000, 0x00000000f5580000)
  object space 349696K, 99% used [0x00000000e0000000,0x00000000f55427e0,0x00000000f5580000)
 Metaspace       used 177126K, capacity 191650K, committed 194648K, reserved 1216512K
  class space    used 22506K, capacity 26185K, committed 27736K, reserved 1048576K
}
Event: 12556.463 GC heap before
{Heap before GC invocations=1435 (full 615):
 PSYoungGen      total 126976K, used 91648K [0x00000000f5580000, 0x00000000ff980000, 0x0000000100000000)
  eden space 91648K, 100% used [0x00000000f5580000,0x00000000faf00000,0x00000000faf00000)
  from space 35328K, 0% used [0x00000000fd300000,0x00000000fd300000,0x00000000ff580000)
  to   space 36864K, 0% used [0x00000000faf00000,0x00000000faf00000,0x00000000fd300000)
 ParOldGen       total 349696K, used 349449K [0x00000000e0000000, 0x00000000f5580000, 0x00000000f5580000)
  object space 349696K, 99% used [0x00000000e0000000,0x00000000f55427e0,0x00000000f5580000)
 Metaspace       used 177126K, capacity 191650K, committed 194648K, reserved 1216512K
  class space    used 22506K, capacity 26185K, committed 27736K, reserved 1048576K
Event: 12557.509 GC heap after
Heap after GC invocations=1435 (full 615):
 PSYoungGen      total 126976K, used 91646K [0x00000000f5580000, 0x00000000ff980000, 0x0000000100000000)
  eden space 91648K, 99% used [0x00000000f5580000,0x00000000faeff908,0x00000000faf00000)
  from space 35328K, 0% used [0x00000000fd300000,0x00000000fd300000,0x00000000ff580000)
  to   space 36864K, 0% used [0x00000000faf00000,0x00000000faf00000,0x00000000fd300000)
 ParOldGen       total 349696K, used 349449K [0x00000000e0000000, 0x00000000f5580000, 0x00000000f5580000)
  object space 349696K, 99% used [0x00000000e0000000,0x00000000f55427c8,0x00000000f5580000)
 Metaspace       used 177126K, capacity 191650K, committed 194648K, reserved 1216512K
  class space    used 22506K, capacity 26185K, committed 27736K, reserved 1048576K
}
Event: 12557.510 GC heap before
{Heap before GC invocations=1436 (full 616):
 PSYoungGen      total 126976K, used 91648K [0x00000000f5580000, 0x00000000ff980000, 0x0000000100000000)
  eden space 91648K, 100% used [0x00000000f5580000,0x00000000faf00000,0x00000000faf00000)
  from space 35328K, 0% used [0x00000000fd300000,0x00000000fd300000,0x00000000ff580000)
  to   space 36864K, 0% used [0x00000000faf00000,0x00000000faf00000,0x00000000fd300000)
 ParOldGen       total 349696K, used 349449K [0x00000000e0000000, 0x00000000f5580000, 0x00000000f5580000)
  object space 349696K, 99% used [0x00000000e0000000,0x00000000f55427c8,0x00000000f5580000)
 Metaspace       used 177126K, capacity 191650K, committed 194648K, reserved 1216512K
  class space    used 22506K, capacity 26185K, committed 27736K, reserved 1048576K
Event: 12558.548 GC heap after
Heap after GC invocations=1436 (full 616):
 PSYoungGen      total 126976K, used 91646K [0x00000000f5580000, 0x00000000ff980000, 0x0000000100000000)
  eden space 91648K, 99% used [0x00000000f5580000,0x00000000faeff930,0x00000000faf00000)
  from space 35328K, 0% used [0x00000000fd300000,0x00000000fd300000,0x00000000ff580000)
  to   space 36864K, 0% used [0x00000000faf00000,0x00000000faf00000,0x00000000fd300000)
 ParOldGen       total 349696K, used 349449K [0x00000000e0000000, 0x00000000f5580000, 0x00000000f5580000)
  object space 349696K, 99% used [0x00000000e0000000,0x00000000f5542780,0x00000000f5580000)
 Metaspace       used 177126K, capacity 191650K, committed 194648K, reserved 1216512K
  class space    used 22506K, capacity 26185K, committed 27736K, reserved 1048576K
}
Event: 12558.548 GC heap before
{Heap before GC invocations=1437 (full 617):
 PSYoungGen      total 126976K, used 91648K [0x00000000f5580000, 0x00000000ff980000, 0x0000000100000000)
  eden space 91648K, 100% used [0x00000000f5580000,0x00000000faf00000,0x00000000faf00000)
  from space 35328K, 0% used [0x00000000fd300000,0x00000000fd300000,0x00000000ff580000)
  to   space 36864K, 0% used [0x00000000faf00000,0x00000000faf00000,0x00000000fd300000)
 ParOldGen       total 349696K, used 349449K [0x00000000e0000000, 0x00000000f5580000, 0x00000000f5580000)
  object space 349696K, 99% used [0x00000000e0000000,0x00000000f5542780,0x00000000f5580000)
 Metaspace       used 177126K, capacity 191650K, committed 194648K, reserved 1216512K
  class space    used 22506K, capacity 26185K, committed 27736K, reserved 1048576K
Event: 12559.730 GC heap after
Heap after GC invocations=1437 (full 617):
 PSYoungGen      total 126976K, used 91646K [0x00000000f5580000, 0x00000000ff980000, 0x0000000100000000)
  eden space 91648K, 99% used [0x00000000f5580000,0x00000000faeff948,0x00000000faf00000)
  from space 35328K, 0% used [0x00000000fd300000,0x00000000fd300000,0x00000000ff580000)
  to   space 36864K, 0% used [0x00000000faf00000,0x00000000faf00000,0x00000000fd300000)
 ParOldGen       total 349696K, used 349449K [0x00000000e0000000, 0x00000000f5580000, 0x00000000f5580000)
  object space 349696K, 99% used [0x00000000e0000000,0x00000000f5542780,0x00000000f5580000)
 Metaspace       used 177126K, capacity 191650K, committed 194648K, reserved 1216512K
  class space    used 22506K, capacity 26185K, committed 27736K, reserved 1048576K
}
Event: 12559.731 GC heap before
{Heap before GC invocations=1438 (full 618):
 PSYoungGen      total 126976K, used 91648K [0x00000000f5580000, 0x00000000ff980000, 0x0000000100000000)
  eden space 91648K, 100% used [0x00000000f5580000,0x00000000faf00000,0x00000000faf00000)
  from space 35328K, 0% used [0x00000000fd300000,0x00000000fd300000,0x00000000ff580000)
  to   space 36864K, 0% used [0x00000000faf00000,0x00000000faf00000,0x00000000fd300000)
 ParOldGen       total 349696K, used 349449K [0x00000000e0000000, 0x00000000f5580000, 0x00000000f5580000)
  object space 349696K, 99% used [0x00000000e0000000,0x00000000f5542780,0x00000000f5580000)
 Metaspace       used 177126K, capacity 191650K, committed 194648K, reserved 1216512K
  class space    used 22506K, capacity 26185K, committed 27736K, reserved 1048576K

